<?xml version="1.0" encoding="UTF-8"?>
<testng-results ignored="0" total="1" passed="1" failed="0" skipped="0">
  <reporter-output>
  </reporter-output>
  <suite started-at="2021-12-08T18:02:22 EST" name="Default suite" finished-at="2021-12-08T18:03:20 EST" duration-ms="58362">
    <groups>
    </groups>
    <test started-at="2021-12-08T18:02:22 EST" name="Default test" finished-at="2021-12-08T18:03:20 EST" duration-ms="58362">
      <class name="com.expedia.qa.testcases.LoginPageTest">
        <test-method is-config="true" signature="setup()[pri:0, instance:com.expedia.qa.testcases.LoginPageTest@4f209819]" started-at="2021-12-08T18:02:22 EST" name="setup" finished-at="2021-12-08T18:03:19 EST" duration-ms="56526" status="PASS">
          <reporter-output>
          </reporter-output>
        </test-method> <!-- setup -->
        <test-method signature="ValidateTitle()[pri:0, instance:com.expedia.qa.testcases.LoginPageTest@4f209819]" started-at="2021-12-08T18:03:19 EST" name="ValidateTitle" finished-at="2021-12-08T18:03:19 EST" duration-ms="73" status="PASS">
          <reporter-output>
          </reporter-output>
        </test-method> <!-- ValidateTitle -->
        <test-method is-config="true" signature="teardown()[pri:0, instance:com.expedia.qa.testcases.LoginPageTest@4f209819]" started-at="2021-12-08T18:03:19 EST" name="teardown" finished-at="2021-12-08T18:03:20 EST" duration-ms="1570" status="PASS">
          <reporter-output>
          </reporter-output>
        </test-method> <!-- teardown -->
      </class> <!-- com.expedia.qa.testcases.LoginPageTest -->
    </test> <!-- Default test -->
  </suite> <!-- Default suite -->
</testng-results>
